
Due to MODULEPATH changes, the following have been reloaded:
  1) openmpi/2.1.1

Using TensorFlow backend.
WARNING:tensorflow:From /home/edwardw1/hemicellulose_project/lib/python3.6/site-packages/tensorflow/python/framework/op_def_library.py:263: colocate_with (from tensorflow.python.framework.ops) is deprecated and will be removed in a future version.
Instructions for updating:
Colocations handled automatically by placer.
WARNING:tensorflow:From /home/edwardw1/hemicellulose_project/lib/python3.6/site-packages/tensorflow/python/ops/math_ops.py:3066: to_int32 (from tensorflow.python.ops.math_ops) is deprecated and will be removed in a future version.
Instructions for updating:
Use tf.cast instead.
2019-06-13 10:40:45.005736: I tensorflow/core/common_runtime/gpu/gpu_device.cc:1433] Found device 0 with properties: 
name: Tesla P100-PCIE-12GB major: 6 minor: 0 memoryClockRate(GHz): 1.3285
pciBusID: 0000:03:00.0
totalMemory: 11.91GiB freeMemory: 11.66GiB
2019-06-13 10:40:45.216265: I tensorflow/core/common_runtime/gpu/gpu_device.cc:1433] Found device 1 with properties: 
name: Tesla P100-PCIE-12GB major: 6 minor: 0 memoryClockRate(GHz): 1.3285
pciBusID: 0000:04:00.0
totalMemory: 11.91GiB freeMemory: 11.66GiB
2019-06-13 10:40:45.340156: I tensorflow/core/common_runtime/gpu/gpu_device.cc:1433] Found device 2 with properties: 
name: Tesla P100-PCIE-12GB major: 6 minor: 0 memoryClockRate(GHz): 1.3285
pciBusID: 0000:83:00.0
totalMemory: 11.91GiB freeMemory: 11.66GiB
2019-06-13 10:40:45.341698: I tensorflow/core/common_runtime/gpu/gpu_device.cc:1512] Adding visible gpu devices: 0, 1, 2
2019-06-13 10:40:51.675115: I tensorflow/core/common_runtime/gpu/gpu_device.cc:984] Device interconnect StreamExecutor with strength 1 edge matrix:
2019-06-13 10:40:51.675265: I tensorflow/core/common_runtime/gpu/gpu_device.cc:990]      0 1 2 
2019-06-13 10:40:51.675314: I tensorflow/core/common_runtime/gpu/gpu_device.cc:1003] 0:   N Y N 
2019-06-13 10:40:51.675350: I tensorflow/core/common_runtime/gpu/gpu_device.cc:1003] 1:   Y N N 
2019-06-13 10:40:51.675382: I tensorflow/core/common_runtime/gpu/gpu_device.cc:1003] 2:   N N N 
2019-06-13 10:40:51.750864: I tensorflow/core/common_runtime/gpu/gpu_device.cc:1115] Created TensorFlow device (/job:localhost/replica:0/task:0/device:GPU:0 with 11270 MB memory) -> physical GPU (device: 0, name: Tesla P100-PCIE-12GB, pci bus id: 0000:03:00.0, compute capability: 6.0)
2019-06-13 10:40:51.790853: I tensorflow/core/common_runtime/gpu/gpu_device.cc:1115] Created TensorFlow device (/job:localhost/replica:0/task:0/device:GPU:1 with 11270 MB memory) -> physical GPU (device: 1, name: Tesla P100-PCIE-12GB, pci bus id: 0000:04:00.0, compute capability: 6.0)
2019-06-13 10:40:51.791703: I tensorflow/core/common_runtime/gpu/gpu_device.cc:1115] Created TensorFlow device (/job:localhost/replica:0/task:0/device:GPU:2 with 11270 MB memory) -> physical GPU (device: 2, name: Tesla P100-PCIE-12GB, pci bus id: 0000:83:00.0, compute capability: 6.0)
2019-06-13 10:40:51.819374: I tensorflow/core/common_runtime/process_util.cc:71] Creating new thread pool with default inter op setting: 2. Tune using inter_op_parallelism_threads for best performance.
2019-06-13 10:40:54.098653: I tensorflow/stream_executor/dso_loader.cc:152] successfully opened CUDA library libcublas.so.10.0 locally
WARNING:tensorflow:From /home/edwardw1/hemicellulose_project/lib/python3.6/site-packages/keras/backend/tensorflow_backend.py:3445: calling dropout (from tensorflow.python.ops.nn_ops) with keep_prob is deprecated and will be removed in a future version.
Instructions for updating:
Please use `rate` instead of `keep_prob`. Rate should be set to `rate = 1 - keep_prob`.
Starting Neural Network------------------
ANN Best Learning Rate is:  0.002
ANN Best Batch Size is:  128
ANN Best Dropout Rate is:  0.01
Execution Time is: 83.42943123579025 min
ANN Mean Absolute Error: 6.702860776063094
ANN Mean Squared Error: 123.79990669741785
ANN Root Mean Squared Error: 11.126540643767848
Ending Neural Network Regression ------------------
