cudnn/7.0: 
============================================================================================
The NVidia software listed above is subject to the terms of the NVidia Software
License Agreement, which can be obtained via http://developer.nvidia.com.
By continuing, you accept to be bound by the terms of that license.

Le logiciel NVidia listé ci-dessus est sous réserve des termes de la licence
NVidia Software License Agreement, qui peut être obtenue via
http://developer.nvidia.com.
En continuant, vous acceptez les termes de cette licence.
============================================================================================
	 

Due to MODULEPATH changes, the following have been reloaded:
  1) openmpi/2.1.1

Using TensorFlow backend.
/cvmfs/soft.computecanada.ca/easybuild/software/2017/Core/scipy-stack/2019a/lib/python2.7/site-packages/matplotlib/font_manager.py:281: UserWarning: Matplotlib is building the font cache using fc-list. This may take a moment.
  'Matplotlib is building the font cache using fc-list. '
WARNING:tensorflow:From /home/rbhayes/hemicellulose_project/lib/python2.7/site-packages/tensorflow/python/framework/op_def_library.py:263: colocate_with (from tensorflow.python.framework.ops) is deprecated and will be removed in a future version.
Instructions for updating:
Colocations handled automatically by placer.
WARNING:tensorflow:From /home/rbhayes/hemicellulose_project/lib/python2.7/site-packages/keras/backend/tensorflow_backend.py:3445: calling dropout (from tensorflow.python.ops.nn_ops) with keep_prob is deprecated and will be removed in a future version.
Instructions for updating:
Please use `rate` instead of `keep_prob`. Rate should be set to `rate = 1 - keep_prob`.
WARNING:tensorflow:From /home/rbhayes/hemicellulose_project/lib/python2.7/site-packages/tensorflow/python/ops/math_ops.py:3066: to_int32 (from tensorflow.python.ops.math_ops) is deprecated and will be removed in a future version.
Instructions for updating:
Use tf.cast instead.
2019-07-26 11:14:18.125088: I tensorflow/core/common_runtime/gpu/gpu_device.cc:1433] Found device 0 with properties: 
name: Tesla P100-PCIE-12GB major: 6 minor: 0 memoryClockRate(GHz): 1.3285
pciBusID: 0000:03:00.0
totalMemory: 11.91GiB freeMemory: 11.66GiB
2019-07-26 11:14:18.288819: I tensorflow/core/common_runtime/gpu/gpu_device.cc:1433] Found device 1 with properties: 
name: Tesla P100-PCIE-12GB major: 6 minor: 0 memoryClockRate(GHz): 1.3285
pciBusID: 0000:04:00.0
totalMemory: 11.91GiB freeMemory: 11.66GiB
2019-07-26 11:14:18.409456: I tensorflow/core/common_runtime/gpu/gpu_device.cc:1433] Found device 2 with properties: 
name: Tesla P100-PCIE-12GB major: 6 minor: 0 memoryClockRate(GHz): 1.3285
pciBusID: 0000:82:00.0
totalMemory: 11.91GiB freeMemory: 11.66GiB
2019-07-26 11:14:18.410902: I tensorflow/core/common_runtime/gpu/gpu_device.cc:1512] Adding visible gpu devices: 0, 1, 2
2019-07-26 11:14:23.311362: I tensorflow/core/common_runtime/gpu/gpu_device.cc:984] Device interconnect StreamExecutor with strength 1 edge matrix:
2019-07-26 11:14:23.311469: I tensorflow/core/common_runtime/gpu/gpu_device.cc:990]      0 1 2 
2019-07-26 11:14:23.311500: I tensorflow/core/common_runtime/gpu/gpu_device.cc:1003] 0:   N Y N 
2019-07-26 11:14:23.311519: I tensorflow/core/common_runtime/gpu/gpu_device.cc:1003] 1:   Y N N 
2019-07-26 11:14:23.311535: I tensorflow/core/common_runtime/gpu/gpu_device.cc:1003] 2:   N N N 
2019-07-26 11:14:23.461346: I tensorflow/core/common_runtime/gpu/gpu_device.cc:1115] Created TensorFlow device (/job:localhost/replica:0/task:0/device:GPU:0 with 11270 MB memory) -> physical GPU (device: 0, name: Tesla P100-PCIE-12GB, pci bus id: 0000:03:00.0, compute capability: 6.0)
2019-07-26 11:14:23.513822: I tensorflow/core/common_runtime/gpu/gpu_device.cc:1115] Created TensorFlow device (/job:localhost/replica:0/task:0/device:GPU:1 with 11270 MB memory) -> physical GPU (device: 1, name: Tesla P100-PCIE-12GB, pci bus id: 0000:04:00.0, compute capability: 6.0)
2019-07-26 11:14:23.514728: I tensorflow/core/common_runtime/gpu/gpu_device.cc:1115] Created TensorFlow device (/job:localhost/replica:0/task:0/device:GPU:2 with 11270 MB memory) -> physical GPU (device: 2, name: Tesla P100-PCIE-12GB, pci bus id: 0000:82:00.0, compute capability: 6.0)
2019-07-26 11:14:23.595326: I tensorflow/core/common_runtime/process_util.cc:71] Creating new thread pool with default inter op setting: 2. Tune using inter_op_parallelism_threads for best performance.
2019-07-26 11:14:26.415304: I tensorflow/stream_executor/dso_loader.cc:152] successfully opened CUDA library libcublas.so.10.0 locally
Starting Neural Network------------------
('Execution Time is:', 0.9037765979766845, 'min')
('ANN Mean Absolute Error:', 8.200737538784875)
('ANN Mean Squared Error:', 198.83561131837203)
('ANN Root Mean Squared Error:', 14.100908173531662)
Ending Neural Network Regression ------------------
['acc', 'loss']
Traceback (most recent call last):
  File "./NNModel.py", line 139, in <module>
    plt.plot(history.history['loss'])
  File "/cvmfs/soft.computecanada.ca/easybuild/software/2017/Core/scipy-stack/2019a/lib/python2.7/site-packages/matplotlib/pyplot.py", line 3352, in plot
    ax = gca()
  File "/cvmfs/soft.computecanada.ca/easybuild/software/2017/Core/scipy-stack/2019a/lib/python2.7/site-packages/matplotlib/pyplot.py", line 969, in gca
    return gcf().gca(**kwargs)
  File "/cvmfs/soft.computecanada.ca/easybuild/software/2017/Core/scipy-stack/2019a/lib/python2.7/site-packages/matplotlib/pyplot.py", line 586, in gcf
    return figure()
  File "/cvmfs/soft.computecanada.ca/easybuild/software/2017/Core/scipy-stack/2019a/lib/python2.7/site-packages/matplotlib/pyplot.py", line 533, in figure
    **kwargs)
  File "/cvmfs/soft.computecanada.ca/easybuild/software/2017/Core/scipy-stack/2019a/lib/python2.7/site-packages/matplotlib/backend_bases.py", line 161, in new_figure_manager
    return cls.new_figure_manager_given_figure(num, fig)
  File "/cvmfs/soft.computecanada.ca/easybuild/software/2017/Core/scipy-stack/2019a/lib/python2.7/site-packages/matplotlib/backends/_backend_tk.py", line 1046, in new_figure_manager_given_figure
    window = Tk.Tk(className="matplotlib")
  File "/cvmfs/soft.computecanada.ca/easybuild/software/2017/Core/python/2.7.14/lib/python2.7/lib-tk/Tkinter.py", line 1819, in __init__
    self.tk = _tkinter.create(screenName, baseName, className, interactive, wantobjects, useTk, sync, use)
_tkinter.TclError: no display name and no $DISPLAY environment variable
