
Due to MODULEPATH changes, the following have been reloaded:
  1) openmpi/2.1.1

Using TensorFlow backend.
WARNING:tensorflow:From /home/rbhayes/hemicellulose_project/lib/python2.7/site-packages/tensorflow/python/framework/op_def_library.py:263: colocate_with (from tensorflow.python.framework.ops) is deprecated and will be removed in a future version.
Instructions for updating:
Colocations handled automatically by placer.
WARNING:tensorflow:From /home/rbhayes/hemicellulose_project/lib/python2.7/site-packages/tensorflow/python/ops/math_ops.py:3066: to_int32 (from tensorflow.python.ops.math_ops) is deprecated and will be removed in a future version.
Instructions for updating:
Use tf.cast instead.
2019-07-30 13:35:04.282906: I tensorflow/core/common_runtime/gpu/gpu_device.cc:1433] Found device 0 with properties: 
name: Tesla P100-PCIE-12GB major: 6 minor: 0 memoryClockRate(GHz): 1.3285
pciBusID: 0000:82:00.0
totalMemory: 11.91GiB freeMemory: 11.66GiB
2019-07-30 13:35:04.284746: I tensorflow/core/common_runtime/gpu/gpu_device.cc:1512] Adding visible gpu devices: 0
2019-07-30 13:35:07.721673: I tensorflow/core/common_runtime/gpu/gpu_device.cc:984] Device interconnect StreamExecutor with strength 1 edge matrix:
2019-07-30 13:35:07.721758: I tensorflow/core/common_runtime/gpu/gpu_device.cc:990]      0 
2019-07-30 13:35:07.721785: I tensorflow/core/common_runtime/gpu/gpu_device.cc:1003] 0:   N 
2019-07-30 13:35:07.741643: I tensorflow/core/common_runtime/gpu/gpu_device.cc:1115] Created TensorFlow device (/job:localhost/replica:0/task:0/device:GPU:0 with 11270 MB memory) -> physical GPU (device: 0, name: Tesla P100-PCIE-12GB, pci bus id: 0000:82:00.0, compute capability: 6.0)
2019-07-30 13:35:07.776529: I tensorflow/core/common_runtime/process_util.cc:71] Creating new thread pool with default inter op setting: 2. Tune using inter_op_parallelism_threads for best performance.
2019-07-30 13:35:09.430725: I tensorflow/stream_executor/dso_loader.cc:152] successfully opened CUDA library libcublas.so.10.0 locally

Successfully loaded prepared data, skipping data prep

('ANN Best Learning Rate is: ', 0.01)
('ANN Best Batch Size is: ', 256)
('ANN Best Dropout Rate is: ', 0)
48,48,24,24
4.15% (+/- 1.71%)
1.68% (+/- 0.67%)
('Execution Time is:', 5.13747341632843, 'min')
48,24,24
4.22% (+/- 1.65%)
1.61% (+/- 0.57%)
('Execution Time is:', -4.502053634325663, 'min')
96,48,24
4.09% (+/- 1.71%)
1.56% (+/- 0.55%)
('Execution Time is:', -4.502857232093811, 'min')
96,96
4.05% (+/- 1.69%)
1.53% (+/- 0.52%)
('Execution Time is:', -4.142910401026408, 'min')
