
Due to MODULEPATH changes, the following have been reloaded:
  1) openmpi/2.1.1

Using TensorFlow backend.
./DropFeatures.py:88: SettingWithCopyWarning: 
A value is trying to be set on a copy of a slice from a DataFrame.
Try using .loc[row_indexer,col_indexer] = value instead

See the caveats in the documentation: http://pandas.pydata.org/pandas-docs/stable/indexing.html#indexing-view-versus-copy
  X_scale[labels_to_scale] = scaled
/cvmfs/soft.computecanada.ca/easybuild/software/2017/Core/scipy-stack/2019a/lib/python3.6/site-packages/pandas/core/frame.py:3144: SettingWithCopyWarning: 
A value is trying to be set on a copy of a slice from a DataFrame

See the caveats in the documentation: http://pandas.pydata.org/pandas-docs/stable/indexing.html#indexing-view-versus-copy
  self.loc._setitem_with_indexer((slice(None), indexer), value)
/cvmfs/soft.computecanada.ca/easybuild/software/2017/Core/scipy-stack/2019a/lib/python3.6/site-packages/pandas/core/frame.py:3116: SettingWithCopyWarning: 
A value is trying to be set on a copy of a slice from a DataFrame

See the caveats in the documentation: http://pandas.pydata.org/pandas-docs/stable/indexing.html#indexing-view-versus-copy
  self._setitem_array(key, value)
WARNING:tensorflow:From /home/edwardw1/hemicellulose_project/lib/python3.6/site-packages/tensorflow/python/framework/op_def_library.py:263: colocate_with (from tensorflow.python.framework.ops) is deprecated and will be removed in a future version.
Instructions for updating:
Colocations handled automatically by placer.
WARNING:tensorflow:From /home/edwardw1/hemicellulose_project/lib/python3.6/site-packages/keras/backend/tensorflow_backend.py:3445: calling dropout (from tensorflow.python.ops.nn_ops) with keep_prob is deprecated and will be removed in a future version.
Instructions for updating:
Please use `rate` instead of `keep_prob`. Rate should be set to `rate = 1 - keep_prob`.
WARNING:tensorflow:From /home/edwardw1/hemicellulose_project/lib/python3.6/site-packages/tensorflow/python/ops/math_ops.py:3066: to_int32 (from tensorflow.python.ops.math_ops) is deprecated and will be removed in a future version.
Instructions for updating:
Use tf.cast instead.
2019-09-06 21:39:09.432190: I tensorflow/core/common_runtime/gpu/gpu_device.cc:1433] Found device 0 with properties: 
name: Tesla P100-PCIE-12GB major: 6 minor: 0 memoryClockRate(GHz): 1.3285
pciBusID: 0000:03:00.0
totalMemory: 11.91GiB freeMemory: 11.66GiB
2019-09-06 21:39:09.432304: I tensorflow/core/common_runtime/gpu/gpu_device.cc:1512] Adding visible gpu devices: 0
2019-09-06 21:39:13.355254: I tensorflow/core/common_runtime/gpu/gpu_device.cc:984] Device interconnect StreamExecutor with strength 1 edge matrix:
2019-09-06 21:39:13.355383: I tensorflow/core/common_runtime/gpu/gpu_device.cc:990]      0 
2019-09-06 21:39:13.355426: I tensorflow/core/common_runtime/gpu/gpu_device.cc:1003] 0:   N 
2019-09-06 21:39:13.356695: I tensorflow/core/common_runtime/gpu/gpu_device.cc:1115] Created TensorFlow device (/job:localhost/replica:0/task:0/device:GPU:0 with 11270 MB memory) -> physical GPU (device: 0, name: Tesla P100-PCIE-12GB, pci bus id: 0000:03:00.0, compute capability: 6.0)
2019-09-06 21:39:13.453192: I tensorflow/core/common_runtime/process_util.cc:71] Creating new thread pool with default inter op setting: 2. Tune using inter_op_parallelism_threads for best performance.
2019-09-06 21:39:15.874661: I tensorflow/stream_executor/dso_loader.cc:152] successfully opened CUDA library libcublas.so.10.0 locally
['TotalT']
Index(['Temp', 'LSR', 'CA', 'Size', 'IsoT', 'Ramp', 'F_X', 'Ro', 'logRo', 'P',
       'logP', 'H', 'logH', 'acetic', 'fenton', 'formic', 'malic', 'none',
       'oxalic', 'phosphoric', 'sulfuric', 'acacia', 'aspen', 'basswood',
       'beech', 'birch', 'carob', 'eucalyptus', 'maple', 'meranti', 'mixed',
       'oak', 'olive', 'paulownia', 'pine', 'poplar', 'salix', 'vine',
       'willow'],
      dtype='object')
39
Starting Execution of CV
Validation Score: 6.01% (+/- 0.58%)
Training Score: 1.45% (+/- 0.01%)
[[['TotalT'], 6.0076131588634185, 0.5820471496696753, 1.45380893760051, 0.013315719147855018]]
Execution Time is 11.541760996977489 min

['Temp']
Index(['TotalT', 'LSR', 'CA', 'Size', 'IsoT', 'Ramp', 'F_X', 'Ro', 'logRo',
       'P', 'logP', 'H', 'logH', 'acetic', 'fenton', 'formic', 'malic', 'none',
       'oxalic', 'phosphoric', 'sulfuric', 'acacia', 'aspen', 'basswood',
       'beech', 'birch', 'carob', 'eucalyptus', 'maple', 'meranti', 'mixed',
       'oak', 'olive', 'paulownia', 'pine', 'poplar', 'salix', 'vine',
       'willow'],
      dtype='object')
39
Starting Execution of CV
Validation Score: 6.17% (+/- 0.58%)
Training Score: 1.56% (+/- 0.12%)
[[['Temp'], 6.173883576081392, 0.5757878699274689, 1.5612164171210376, 0.1238459915067288]]
Execution Time is 23.347660466035208 min

['LSR']
Index(['TotalT', 'Temp', 'CA', 'Size', 'IsoT', 'Ramp', 'F_X', 'Ro', 'logRo',
       'P', 'logP', 'H', 'logH', 'acetic', 'fenton', 'formic', 'malic', 'none',
       'oxalic', 'phosphoric', 'sulfuric', 'acacia', 'aspen', 'basswood',
       'beech', 'birch', 'carob', 'eucalyptus', 'maple', 'meranti', 'mixed',
       'oak', 'olive', 'paulownia', 'pine', 'poplar', 'salix', 'vine',
       'willow'],
      dtype='object')
39
Starting Execution of CV
Validation Score: 5.83% (+/- 0.56%)
Training Score: 1.62% (+/- 0.09%)
[[['LSR'], 5.829454935681728, 0.5578723616741151, 1.621389311008994, 0.08720572137360137]]
Execution Time is 43.606563262144725 min

['CA']
Index(['TotalT', 'Temp', 'LSR', 'Size', 'IsoT', 'Ramp', 'F_X', 'Ro', 'logRo',
       'P', 'logP', 'H', 'logH', 'acetic', 'fenton', 'formic', 'malic', 'none',
       'oxalic', 'phosphoric', 'sulfuric', 'acacia', 'aspen', 'basswood',
       'beech', 'birch', 'carob', 'eucalyptus', 'maple', 'meranti', 'mixed',
       'oak', 'olive', 'paulownia', 'pine', 'poplar', 'salix', 'vine',
       'willow'],
      dtype='object')
39
Starting Execution of CV
Validation Score: 7.57% (+/- 0.31%)
Training Score: 3.30% (+/- 0.13%)
[[['CA'], 7.5703509406313, 0.31042029989252645, 3.298482398966988, 0.12500088724002784]]
Execution Time is 56.152707803249356 min

['Size']
Index(['TotalT', 'Temp', 'LSR', 'CA', 'IsoT', 'Ramp', 'F_X', 'Ro', 'logRo',
       'P', 'logP', 'H', 'logH', 'acetic', 'fenton', 'formic', 'malic', 'none',
       'oxalic', 'phosphoric', 'sulfuric', 'acacia', 'aspen', 'basswood',
       'beech', 'birch', 'carob', 'eucalyptus', 'maple', 'meranti', 'mixed',
       'oak', 'olive', 'paulownia', 'pine', 'poplar', 'salix', 'vine',
       'willow'],
      dtype='object')
39
Starting Execution of CV
Validation Score: 6.07% (+/- 0.75%)
Training Score: 1.54% (+/- 0.12%)
[[['Size'], 6.06571995528042, 0.7505481760062115, 1.5375442543596036, 0.12203169385260045]]
Execution Time is 69.03371261755625 min

['IsoT']
Index(['TotalT', 'Temp', 'LSR', 'CA', 'Size', 'Ramp', 'F_X', 'Ro', 'logRo',
       'P', 'logP', 'H', 'logH', 'acetic', 'fenton', 'formic', 'malic', 'none',
       'oxalic', 'phosphoric', 'sulfuric', 'acacia', 'aspen', 'basswood',
       'beech', 'birch', 'carob', 'eucalyptus', 'maple', 'meranti', 'mixed',
       'oak', 'olive', 'paulownia', 'pine', 'poplar', 'salix', 'vine',
       'willow'],
      dtype='object')
39
Starting Execution of CV
Validation Score: 5.73% (+/- 0.52%)
Training Score: 1.39% (+/- 0.11%)
[[['IsoT'], 5.726958686728066, 0.5246366805284222, 1.3865432573707395, 0.10633937682332921]]
Execution Time is 82.48586615721385 min

['Ramp']
Index(['TotalT', 'Temp', 'LSR', 'CA', 'Size', 'IsoT', 'F_X', 'Ro', 'logRo',
       'P', 'logP', 'H', 'logH', 'acetic', 'fenton', 'formic', 'malic', 'none',
       'oxalic', 'phosphoric', 'sulfuric', 'acacia', 'aspen', 'basswood',
       'beech', 'birch', 'carob', 'eucalyptus', 'maple', 'meranti', 'mixed',
       'oak', 'olive', 'paulownia', 'pine', 'poplar', 'salix', 'vine',
       'willow'],
      dtype='object')
39
Starting Execution of CV
Validation Score: 6.07% (+/- 0.55%)
Training Score: 1.36% (+/- 0.04%)
[[['Ramp'], 6.067103310703721, 0.5451272845179954, 1.3641793512858003, 0.04048406017598294]]
Execution Time is 100.75847169160843 min

['F_X']
Index(['TotalT', 'Temp', 'LSR', 'CA', 'Size', 'IsoT', 'Ramp', 'Ro', 'logRo',
       'P', 'logP', 'H', 'logH', 'acetic', 'fenton', 'formic', 'malic', 'none',
       'oxalic', 'phosphoric', 'sulfuric', 'acacia', 'aspen', 'basswood',
       'beech', 'birch', 'carob', 'eucalyptus', 'maple', 'meranti', 'mixed',
       'oak', 'olive', 'paulownia', 'pine', 'poplar', 'salix', 'vine',
       'willow'],
      dtype='object')
39
Starting Execution of CV
Validation Score: 5.87% (+/- 0.40%)
Training Score: 1.67% (+/- 0.38%)
[[['F_X'], 5.868299326773084, 0.40481289345384963, 1.6703260878697557, 0.3849642077321812]]
Execution Time is 114.49875994523366 min

['Ro', 'logRo']
Index(['TotalT', 'Temp', 'LSR', 'CA', 'Size', 'IsoT', 'Ramp', 'F_X', 'P',
       'logP', 'H', 'logH', 'acetic', 'fenton', 'formic', 'malic', 'none',
       'oxalic', 'phosphoric', 'sulfuric', 'acacia', 'aspen', 'basswood',
       'beech', 'birch', 'carob', 'eucalyptus', 'maple', 'meranti', 'mixed',
       'oak', 'olive', 'paulownia', 'pine', 'poplar', 'salix', 'vine',
       'willow'],
      dtype='object')
38
Starting Execution of CV
Validation Score: 6.05% (+/- 0.51%)
Training Score: 1.31% (+/- 0.09%)
[[['Ro', 'logRo'], 6.047632593693291, 0.5097577429024147, 1.314920111536754, 0.0881939689349615]]
Execution Time is 128.58172552585603 min

['P', 'logP']
Index(['TotalT', 'Temp', 'LSR', 'CA', 'Size', 'IsoT', 'Ramp', 'F_X', 'Ro',
       'logRo', 'H', 'logH', 'acetic', 'fenton', 'formic', 'malic', 'none',
       'oxalic', 'phosphoric', 'sulfuric', 'acacia', 'aspen', 'basswood',
       'beech', 'birch', 'carob', 'eucalyptus', 'maple', 'meranti', 'mixed',
       'oak', 'olive', 'paulownia', 'pine', 'poplar', 'salix', 'vine',
       'willow'],
      dtype='object')
38
Starting Execution of CV
Validation Score: 6.05% (+/- 0.56%)
Training Score: 1.47% (+/- 0.23%)
[[['P', 'logP'], 6.051588312446985, 0.5638712866946267, 1.4746557165129641, 0.23413386930633756]]
Execution Time is 143.01060505310696 min

['H', 'logH']
Index(['TotalT', 'Temp', 'LSR', 'CA', 'Size', 'IsoT', 'Ramp', 'F_X', 'Ro',
       'logRo', 'P', 'logP', 'acetic', 'fenton', 'formic', 'malic', 'none',
       'oxalic', 'phosphoric', 'sulfuric', 'acacia', 'aspen', 'basswood',
       'beech', 'birch', 'carob', 'eucalyptus', 'maple', 'meranti', 'mixed',
       'oak', 'olive', 'paulownia', 'pine', 'poplar', 'salix', 'vine',
       'willow'],
      dtype='object')
38
Starting Execution of CV
Validation Score: 5.84% (+/- 0.62%)
Training Score: 1.44% (+/- 0.24%)
[[['H', 'logH'], 5.843323546047676, 0.6192933475830605, 1.4424398051034812, 0.2398624566555361]]
Execution Time is 157.82649314800898 min

['Acetyl']
Index(['TotalT', 'Temp', 'LSR', 'CA', 'Size', 'IsoT', 'Ramp', 'F_X', 'Ro',
       'logRo', 'P', 'logP', 'H', 'logH', 'acetic', 'fenton', 'formic',
       'malic', 'none', 'oxalic', 'phosphoric', 'sulfuric', 'acacia', 'aspen',
       'basswood', 'beech', 'birch', 'carob', 'eucalyptus', 'maple', 'meranti',
       'mixed', 'oak', 'olive', 'paulownia', 'pine', 'poplar', 'salix', 'vine',
       'willow'],
      dtype='object')
40
Starting Execution of CV
Validation Score: 5.73% (+/- 0.62%)
Training Score: 1.31% (+/- 0.09%)
[[['Acetyl'], 5.734033875666744, 0.6230414428605198, 1.306909758353234, 0.09457809364520658]]
Execution Time is 172.8743498166402 min

['acacia', 'aspen', 'basswood', 'beech', 'birch', 'carob', 'eucalyptus', 'maple', 'meranti', 'mixed', 'oak', 'olive', 'paulownia', 'pine', 'poplar', 'salix', 'vine', 'willow']
Index(['TotalT', 'Temp', 'LSR', 'CA', 'Size', 'IsoT', 'Ramp', 'F_X', 'Ro',
       'logRo', 'P', 'logP', 'H', 'logH', 'acetic', 'fenton', 'formic',
       'malic', 'none', 'oxalic', 'phosphoric', 'sulfuric'],
      dtype='object')
22
Starting Execution of CV
Validation Score: 6.29% (+/- 0.40%)
Training Score: 1.38% (+/- 0.11%)
[[['acacia', 'aspen', 'basswood', 'beech', 'birch', 'carob', 'eucalyptus', 'maple', 'meranti', 'mixed', 'oak', 'olive', 'paulownia', 'pine', 'poplar', 'salix', 'vine', 'willow'], 6.294293273916559, 0.39880911047499035, 1.3798371896506234, 0.11031102946232961]]
Execution Time is 195.23063428401946 min

['acetic', 'fenton', 'formic', 'malic', 'none', 'oxalic', 'phosphoric', 'sulfuric']
Index(['TotalT', 'Temp', 'LSR', 'CA', 'Size', 'IsoT', 'Ramp', 'F_X', 'Ro',
       'logRo', 'P', 'logP', 'H', 'logH', 'acacia', 'aspen', 'basswood',
       'beech', 'birch', 'carob', 'eucalyptus', 'maple', 'meranti', 'mixed',
       'oak', 'olive', 'paulownia', 'pine', 'poplar', 'salix', 'vine',
       'willow'],
      dtype='object')
32
Starting Execution of CV
Validation Score: 6.16% (+/- 0.68%)
Training Score: 1.30% (+/- 0.10%)
[[['acetic', 'fenton', 'formic', 'malic', 'none', 'oxalic', 'phosphoric', 'sulfuric'], 6.159589691631829, 0.6796815504636603, 1.3045458045871028, 0.09928637379141385]]
Execution Time is 211.17241325775782 min

['Ro', 'logRo', 'P', 'logP', 'H', 'logH']
Index(['TotalT', 'Temp', 'LSR', 'CA', 'Size', 'IsoT', 'Ramp', 'F_X', 'acetic',
       'fenton', 'formic', 'malic', 'none', 'oxalic', 'phosphoric', 'sulfuric',
       'acacia', 'aspen', 'basswood', 'beech', 'birch', 'carob', 'eucalyptus',
       'maple', 'meranti', 'mixed', 'oak', 'olive', 'paulownia', 'pine',
       'poplar', 'salix', 'vine', 'willow'],
      dtype='object')
34
Starting Execution of CV
Validation Score: 6.21% (+/- 0.54%)
Training Score: 1.43% (+/- 0.12%)
[[['Ro', 'logRo', 'P', 'logP', 'H', 'logH'], 6.212579415004693, 0.5370987729055201, 1.4274638369625037, 0.11941378922860096]]
Execution Time is 227.34669636885326 min

['TotalT']
Index(['Temp', 'LSR', 'CA', 'Size', 'IsoT', 'Ramp', 'F_X', 'acetic', 'fenton',
       'formic', 'malic', 'none', 'oxalic', 'phosphoric', 'sulfuric', 'acacia',
       'aspen', 'basswood', 'beech', 'birch', 'carob', 'eucalyptus', 'maple',
       'meranti', 'mixed', 'oak', 'olive', 'paulownia', 'pine', 'poplar',
       'salix', 'vine', 'willow'],
      dtype='object')
33
Starting Execution of CV
Validation Score: 6.18% (+/- 0.61%)
Training Score: 1.73% (+/- 0.23%)
[[['TotalT'], 6.178054012421935, 0.6118510956275294, 1.7271224848230982, 0.2344893250724587]]
Execution Time is 243.97755649487178 min

['Temp']
Index(['TotalT', 'LSR', 'CA', 'Size', 'IsoT', 'Ramp', 'F_X', 'acetic',
       'fenton', 'formic', 'malic', 'none', 'oxalic', 'phosphoric', 'sulfuric',
       'acacia', 'aspen', 'basswood', 'beech', 'birch', 'carob', 'eucalyptus',
       'maple', 'meranti', 'mixed', 'oak', 'olive', 'paulownia', 'pine',
       'poplar', 'salix', 'vine', 'willow'],
      dtype='object')
33
Starting Execution of CV
Validation Score: 10.69% (+/- 0.50%)
Training Score: 5.03% (+/- 0.34%)
[[['Temp'], 10.693416258608739, 0.49753902828861024, 5.0277036558526165, 0.3398198328097527]]
Execution Time is 260.88765908877053 min

['LSR']
Index(['TotalT', 'Temp', 'CA', 'Size', 'IsoT', 'Ramp', 'F_X', 'acetic',
       'fenton', 'formic', 'malic', 'none', 'oxalic', 'phosphoric', 'sulfuric',
       'acacia', 'aspen', 'basswood', 'beech', 'birch', 'carob', 'eucalyptus',
       'maple', 'meranti', 'mixed', 'oak', 'olive', 'paulownia', 'pine',
       'poplar', 'salix', 'vine', 'willow'],
      dtype='object')
33
Starting Execution of CV
Validation Score: 5.97% (+/- 0.51%)
Training Score: 1.63% (+/- 0.11%)
[[['LSR'], 5.968254616555224, 0.5117817079366418, 1.629224654062406, 0.10865234708178625]]
Execution Time is 278.3423289219538 min

['CA']
Index(['TotalT', 'Temp', 'LSR', 'Size', 'IsoT', 'Ramp', 'F_X', 'acetic',
       'fenton', 'formic', 'malic', 'none', 'oxalic', 'phosphoric', 'sulfuric',
       'acacia', 'aspen', 'basswood', 'beech', 'birch', 'carob', 'eucalyptus',
       'maple', 'meranti', 'mixed', 'oak', 'olive', 'paulownia', 'pine',
       'poplar', 'salix', 'vine', 'willow'],
      dtype='object')
33
Starting Execution of CV
Validation Score: 7.69% (+/- 0.42%)
Training Score: 3.16% (+/- 0.10%)
[[['CA'], 7.693361419971845, 0.4215582371621665, 3.164759209720735, 0.10243133720081687]]
Execution Time is 297.8167650024096 min

['Size']
Index(['TotalT', 'Temp', 'LSR', 'CA', 'IsoT', 'Ramp', 'F_X', 'acetic',
       'fenton', 'formic', 'malic', 'none', 'oxalic', 'phosphoric', 'sulfuric',
       'acacia', 'aspen', 'basswood', 'beech', 'birch', 'carob', 'eucalyptus',
       'maple', 'meranti', 'mixed', 'oak', 'olive', 'paulownia', 'pine',
       'poplar', 'salix', 'vine', 'willow'],
      dtype='object')
33
Starting Execution of CV
Validation Score: 6.15% (+/- 0.59%)
Training Score: 1.66% (+/- 0.28%)
[[['Size'], 6.151958691805371, 0.593629837999169, 1.6581103113093103, 0.2786575132918429]]
Execution Time is 319.51809863646827 min

['IsoT']
Index(['TotalT', 'Temp', 'LSR', 'CA', 'Size', 'Ramp', 'F_X', 'acetic',
       'fenton', 'formic', 'malic', 'none', 'oxalic', 'phosphoric', 'sulfuric',
       'acacia', 'aspen', 'basswood', 'beech', 'birch', 'carob', 'eucalyptus',
       'maple', 'meranti', 'mixed', 'oak', 'olive', 'paulownia', 'pine',
       'poplar', 'salix', 'vine', 'willow'],
      dtype='object')
33
Starting Execution of CV
Validation Score: 6.25% (+/- 0.67%)
Training Score: 1.45% (+/- 0.09%)
[[['IsoT'], 6.252555132828167, 0.6692645426981426, 1.4475368521486172, 0.09264606540899693]]
Execution Time is 338.038850569725 min

['Ramp']
Index(['TotalT', 'Temp', 'LSR', 'CA', 'Size', 'IsoT', 'F_X', 'acetic',
       'fenton', 'formic', 'malic', 'none', 'oxalic', 'phosphoric', 'sulfuric',
       'acacia', 'aspen', 'basswood', 'beech', 'birch', 'carob', 'eucalyptus',
       'maple', 'meranti', 'mixed', 'oak', 'olive', 'paulownia', 'pine',
       'poplar', 'salix', 'vine', 'willow'],
      dtype='object')
33
Starting Execution of CV
Validation Score: 6.00% (+/- 0.55%)
Training Score: 1.54% (+/- 0.09%)
[[['Ramp'], 6.000534127973842, 0.5539487849923302, 1.5373739714143269, 0.08519853175644689]]
Execution Time is 357.04101161559424 min

['F_X']
Index(['TotalT', 'Temp', 'LSR', 'CA', 'Size', 'IsoT', 'Ramp', 'acetic',
       'fenton', 'formic', 'malic', 'none', 'oxalic', 'phosphoric', 'sulfuric',
       'acacia', 'aspen', 'basswood', 'beech', 'birch', 'carob', 'eucalyptus',
       'maple', 'meranti', 'mixed', 'oak', 'olive', 'paulownia', 'pine',
       'poplar', 'salix', 'vine', 'willow'],
      dtype='object')
33
Starting Execution of CV
Validation Score: 6.17% (+/- 0.42%)
Training Score: 1.43% (+/- 0.07%)
[[['F_X'], 6.16713273855221, 0.4244538038069346, 1.4295845346580127, 0.07410795808311564]]
Execution Time is 376.45392960707346 min

