
Due to MODULEPATH changes, the following have been reloaded:
  1) openmpi/2.1.1

Using TensorFlow backend.
./FractionData.py:94: SettingWithCopyWarning: 
A value is trying to be set on a copy of a slice from a DataFrame.
Try using .loc[row_indexer,col_indexer] = value instead

See the caveats in the documentation: http://pandas.pydata.org/pandas-docs/stable/indexing.html#indexing-view-versus-copy
  X_scale[labels_to_scale] = scaled
/cvmfs/soft.computecanada.ca/easybuild/software/2017/Core/scipy-stack/2019a/lib/python3.6/site-packages/pandas/core/frame.py:3144: SettingWithCopyWarning: 
A value is trying to be set on a copy of a slice from a DataFrame

See the caveats in the documentation: http://pandas.pydata.org/pandas-docs/stable/indexing.html#indexing-view-versus-copy
  self.loc._setitem_with_indexer((slice(None), indexer), value)
/cvmfs/soft.computecanada.ca/easybuild/software/2017/Core/scipy-stack/2019a/lib/python3.6/site-packages/pandas/core/frame.py:3116: SettingWithCopyWarning: 
A value is trying to be set on a copy of a slice from a DataFrame

See the caveats in the documentation: http://pandas.pydata.org/pandas-docs/stable/indexing.html#indexing-view-versus-copy
  self._setitem_array(key, value)
Traceback (most recent call last):
  File "./FractionData.py", line 99, in <module>
    X.columns = finalCols
  File "/cvmfs/soft.computecanada.ca/easybuild/software/2017/Core/scipy-stack/2019a/lib/python3.6/site-packages/pandas/core/generic.py", line 4389, in __setattr__
    return object.__setattr__(self, name, value)
  File "pandas/_libs/properties.pyx", line 69, in pandas._libs.properties.AxisProperty.__set__
  File "/cvmfs/soft.computecanada.ca/easybuild/software/2017/Core/scipy-stack/2019a/lib/python3.6/site-packages/pandas/core/generic.py", line 646, in _set_axis
    self._data.set_axis(axis, labels)
  File "/cvmfs/soft.computecanada.ca/easybuild/software/2017/Core/scipy-stack/2019a/lib/python3.6/site-packages/pandas/core/internals.py", line 3323, in set_axis
    'values have {new} elements'.format(old=old_len, new=new_len))
ValueError: Length mismatch: Expected axis has 32 elements, new values have 40 elements
